<?xml version="1.0" encoding="UTF-8"?>
<!-- Generated by org.testng.reporters.JUnitReportReporter -->
<testsuite skipped="0" hostname="DESKTOP-MPL4FM9" name="tests.UserLoginAccount" tests="1" failures="0" timestamp="07 Jan 2020 09:43:19 GMT" time="30.098" errors="0">
  <testcase name="User_Login" time="30.098" classname="tests.UserLoginAccount"/>
</testsuite> <!-- tests.UserLoginAccount -->
